**** SECONDARY STRUCTURE DEFINITION BY THE PROGRAM DSSP, VERSION OCT. 1988 **** DATE=23-FEB-1996                      .
REFERENCE W. KABSCH AND C.SANDER, BIOPOLYMERS 22 (1983) 2577-2637                                                              .
  123  1  0  0  0 TOTAL NUMBER OF RESIDUES, NUMBER OF CHAINS, NUMBER OF SS-BRIDGES(TOTAL,INTRACHAIN,INTERCHAIN)                .
  7215.0   ACCESSIBLE SURFACE OF PROTEIN (ANGSTROM**2)                                                                         .
   76 61.8   TOTAL NUMBER OF HYDROGEN BONDS OF TYPE O(I)-->H-N(J)  , SAME NUMBER PER 100 RESIDUES                              .
    0  0.0   TOTAL NUMBER OF HYDROGEN BONDS IN     PARALLEL BRIDGES, SAME NUMBER PER 100 RESIDUES                              .
    8  6.5   TOTAL NUMBER OF HYDROGEN BONDS IN ANTIPARALLEL BRIDGES, SAME NUMBER PER 100 RESIDUES                              .
    0  0.0   TOTAL NUMBER OF HYDROGEN BONDS OF TYPE O(I)-->H-N(I-5), SAME NUMBER PER 100 RESIDUES                              .
    1  0.8   TOTAL NUMBER OF HYDROGEN BONDS OF TYPE O(I)-->H-N(I-4), SAME NUMBER PER 100 RESIDUES                              .
    1  0.8   TOTAL NUMBER OF HYDROGEN BONDS OF TYPE O(I)-->H-N(I-3), SAME NUMBER PER 100 RESIDUES                              .
    0  0.0   TOTAL NUMBER OF HYDROGEN BONDS OF TYPE O(I)-->H-N(I-2), SAME NUMBER PER 100 RESIDUES                              .
    0  0.0   TOTAL NUMBER OF HYDROGEN BONDS OF TYPE O(I)-->H-N(I-1), SAME NUMBER PER 100 RESIDUES                              .
    0  0.0   TOTAL NUMBER OF HYDROGEN BONDS OF TYPE O(I)-->H-N(I+0), SAME NUMBER PER 100 RESIDUES                              .
    0  0.0   TOTAL NUMBER OF HYDROGEN BONDS OF TYPE O(I)-->H-N(I+1), SAME NUMBER PER 100 RESIDUES                              .
    8  6.5   TOTAL NUMBER OF HYDROGEN BONDS OF TYPE O(I)-->H-N(I+2), SAME NUMBER PER 100 RESIDUES                              .
   15 12.2   TOTAL NUMBER OF HYDROGEN BONDS OF TYPE O(I)-->H-N(I+3), SAME NUMBER PER 100 RESIDUES                              .
   44 35.8   TOTAL NUMBER OF HYDROGEN BONDS OF TYPE O(I)-->H-N(I+4), SAME NUMBER PER 100 RESIDUES                              .
    0  0.0   TOTAL NUMBER OF HYDROGEN BONDS OF TYPE O(I)-->H-N(I+5), SAME NUMBER PER 100 RESIDUES                              .
  1  2  3  4  5  6  7  8  9 10 11 12 13 14 15 16 17 18 19 20 21 22 23 24 25 26 27 28 29 30     *** HISTOGRAMS OF ***           .
  0  0  0  0  0  0  0  0  0  0  1  0  0  0  0  0  0  2  0  0  0  0  0  0  0  0  0  0  0  0    RESIDUES PER ALPHA HELIX         .
  0  0  0  0  0  0  0  0  0  0  0  0  0  0  0  0  0  0  0  0  0  0  0  0  0  0  0  0  0  0    PARALLEL BRIDGES PER LADDER      .
  2  0  1  0  0  0  0  0  0  0  0  0  0  0  0  0  0  0  0  0  0  0  0  0  0  0  0  0  0  0    ANTIPARALLEL BRIDGES PER LADDER  .
  1  1  0  0  0  0  0  0  0  0  0  0  0  0  0  0  0  0  0  0  0  0  0  0  0  0  0  0  0  0    LADDERS PER SHEET                .
  #  RESIDUE AA STRUCTURE BP1 BP2  ACC   N-H-->O  O-->H-N  N-H-->O  O-->H-N    TCO  KAPPA ALPHA  PHI   PSI    X-CA   Y-CA   Z-CA 
    1    1   A     >        0   0    7    0, 0.0   4,-1.6   0, 0.0  69,-0.2   0.000 360.0 360.0 360.0-158.7   31.6   40.5   24.6
    2    2   L  H  >  +     0   0   66   67,-0.9   4,-2.1   1,-0.2   5,-0.2   0.946 360.0  52.1 -69.5 -47.4   30.0   37.4   23.1
    3    3   W  H  > S+     0   0  152    1,-0.2   4,-1.2   2,-0.2  -1,-0.2   0.663 110.8  48.3 -61.4 -22.4   30.4   38.6   19.5
    4    4   Q  H  4 S+     0   0   10    2,-0.2   4,-0.4   3,-0.1  -1,-0.2   0.842 105.3  56.7 -86.6 -37.9   34.2   39.4   20.1
    5    5   F  H >X S+     0   0   18   -4,-1.6   3,-1.6   1,-0.2   4,-0.7   0.951 112.4  43.4 -52.6 -55.2   34.9   36.0   21.7
    6    6   R  H >X S+     0   0   83   -4,-2.1   3,-1.7   1,-0.3   4,-0.9   0.910 109.9  56.1 -53.3 -50.4   33.6   34.4   18.5
    7    7   S  H 3X S+     0   0   47   -4,-1.2   4,-0.6   1,-0.3  -1,-0.3   0.458 107.1  50.9 -61.6  -6.0   35.4   36.9   16.4
    8    8   M  H <> S+     0   0    0   -3,-1.6   4,-1.8  -4,-0.4  -1,-0.3   0.541 101.1  60.4-106.2 -19.6   38.6   35.8   18.1
    9    9   I  H <X S+     0   0    4   -3,-1.7   4,-1.4  -4,-0.7  -2,-0.2   0.672 108.2  45.7 -82.6 -20.1   37.9   32.1   17.4
   10   10   K  H  < S+     0   0   79   -4,-0.9  -2,-0.2   2,-0.2  -1,-0.1   0.875 108.6  56.3 -83.2 -46.3   38.0   33.0   13.7
   11   11   C  H  < S+     0   0   11   -4,-0.6  -2,-0.2   1,-0.2  -3,-0.1   0.936 118.5  32.4 -45.7 -58.3   41.1   35.0   14.1
   12   12   A  H  < S+     0   0   17   -4,-1.8  -1,-0.2   1,-0.3  -2,-0.2   0.856 132.1  33.7 -71.5 -39.2   42.9   32.0   15.6
   13   13   I    ><  -     0   0   38   -4,-1.4   3,-1.4  -5,-0.1  -1,-0.3  -0.752  64.5-179.6-119.4  77.6   41.0   29.4   13.5
   14   14   P  T 3  S+     0   0  107    0, 0.0  -4,-0.1   0, 0.0  -3,-0.1   0.369  72.1  79.3 -63.3  10.9   40.3   30.9   10.1
   15   15   G  T 3  S+     0   0   73   -5,-0.1   2,-0.2   2,-0.0  -5,-0.1   0.209  90.4  77.7 -97.3  11.1   38.6   27.6    9.2
   16   16   S    <   -     0   0   31   -3,-1.4  -6,-0.1  -6,-0.1  -7,-0.0  -0.563  62.4-148.3-131.2-167.8   35.3   28.3   11.1
   17   17   H     >  -     0   0   89   -2,-0.2   4,-1.5  -8,-0.1   3,-0.3  -0.879  32.7-161.9-141.9  91.4   32.0   29.5   12.2
   18   18   P  T  4 S+     0   0    7    0, 0.0   4,-0.2   0, 0.0 -11,-0.0   0.297  84.2  64.4 -75.9  15.4   32.7   29.5   16.0
   19   19   L  T  > S+     0   0   63    3,-0.1   4,-0.9   2,-0.1 -13,-0.0   0.846 109.4  34.0 -94.1 -51.6   28.9   29.5   16.6
   20   20   M  T  4 S+     0   0  131   -3,-0.3   3,-0.1   2,-0.1  -4,-0.0   0.979 121.6  44.1 -59.9 -66.8   28.2   26.1   15.0
   21   21   D  T  < S+     0   0   41   -4,-1.5  -1,-0.1   1,-0.2  -2,-0.1   0.792 125.6  20.6 -52.6 -48.6   31.4   24.2   15.9
   22   22   F  T  4 S+     0   0   20   -5,-0.2   3,-0.4  -4,-0.2   2,-0.3   0.432  96.4  92.2-114.6   0.7   32.0   25.1   19.6
   23   23   N  S  < S+     0   0   77   -4,-0.9   7,-0.2   1,-0.3  94,-0.1  -0.691 100.7  15.1 -88.1 150.7   28.7   26.3   21.0
   24   24   N  S    S+     0   0   89   -2,-0.3  93,-1.6   1,-0.2   2,-0.3   0.950  93.2 141.6  48.6  66.1   26.9   23.2   22.5
   25   25   Y  B  >  -AB  29 116A   0    4,-1.3   4,-1.1  -3,-0.4  91,-0.3  -0.936  61.9 -37.3-142.6 115.6   30.0   20.9   22.6
   26   26   G  T  4 S-     0   0    3   89,-3.4  92,-0.3  -2,-0.3  -1,-0.3  -0.120 101.1 -49.2  61.7-169.2   30.8   18.4   25.3
   27   27   C  T  4 S+     0   0   10    9,-0.2  -1,-0.2   1,-0.1  -3,-0.1   0.877 132.0  26.5 -69.2 -48.4   30.0   19.5   28.9
   28   28   Y  T  4 S+     0   0   34    5,-0.2   2,-0.3  -3,-0.1  -2,-0.1   0.748  90.9  97.4 -92.9 -24.4   31.5   23.0   29.4
   29   29   C  B  < S+A   25   0A   7   -4,-1.1  -4,-1.3  -6,-0.1   2,-0.2  -0.538  88.2  22.1 -63.5 123.7   31.6   24.5   25.8
   30   30   G  S    S-     0   0   20   -2,-0.3   2,-0.5  -6,-0.2  -7,-0.0  -0.522 120.8 -24.1 109.5-177.6   28.4   26.6   25.7
   31   31   L  S    S-     0   0  153   -2,-0.2   2,-0.2   2,-0.0  -2,-0.1  -0.535 113.1 -13.0 -79.3 122.5   26.5   28.1   28.6
   32   32   G        -     0   0   48   -2,-0.5   2,-0.2  -4,-0.1  17,-0.1  -0.475  64.1-160.7  91.3-162.5   27.0   26.2   31.8
   33   33   G        -     0   0   41   -2,-0.2   2,-0.3  16,-0.0  -5,-0.2  -0.761  11.3-174.8 154.6 162.5   28.5   22.9   32.4
   34   34   S        +     0   0   36   -2,-0.2  -7,-0.0  86,-0.1  87,-0.0  -0.827  55.0  40.2-160.7 175.9   28.6   20.1   35.1
   35   35   G  S    S-     0   0   54   -2,-0.3   3,-0.0   2,-0.1  86,-0.0   0.117 101.2 -51.5  60.8-179.2   30.6   16.9   35.1
   36   36   T        -     0   0  117    1,-0.1  -9,-0.2  -3,-0.0   7,-0.1  -0.793  69.0 -92.7 -91.1 135.4   34.3   16.6   34.1
   37   37   P        -     0   0   19    0, 0.0  -1,-0.1   0, 0.0   6,-0.1  -0.190  29.9-142.8 -51.9 137.5   35.2   17.9   30.7
   38   38   V  S    S+     0   0   52   85,-0.1   2,-0.3  77,-0.1 -12,-0.1   0.534  75.2   4.5 -76.2 -10.7   34.9   15.0   28.2
   39   39   D  S  > S-     0   0   20    1,-0.1   4,-2.3  76,-0.0   5,-0.1  -0.937  80.3 -91.7-160.9-179.2   37.9   16.3   26.3
   40   40   E  H  > S+     0   0  123   -2,-0.3   4,-1.9   2,-0.2   5,-0.1   0.887 126.5  50.6 -71.6 -40.1   40.7   18.7   25.9
   41   41   L  H  > S+     0   0    0   69,-0.5   4,-0.5   1,-0.2  -1,-0.2   0.607 111.1  50.1 -73.8  -8.5   38.5   21.0   23.8
   42   42   D  H  > S+     0   0    0    2,-0.2   4,-3.1   3,-0.1  -2,-0.2   0.788 106.7  55.0 -90.4 -41.0   36.0   20.6   26.6
   43   43   R  H  X S+     0   0  116   -4,-2.3   4,-2.6   2,-0.2  -2,-0.2   0.857 101.7  57.1 -58.5 -37.3   38.8   21.6   29.1
   44   44   C  H  X S+     0   0    4   -4,-1.9   4,-1.4   1,-0.2  -1,-0.2   0.937 112.5  42.6 -60.3 -45.9   39.4   24.8   27.1
   45   45   C  H  X S+     0   0    5   -4,-0.5   4,-1.4   2,-0.2  -2,-0.2   0.898 112.0  52.4 -67.7 -43.7   35.8   25.6   27.7
   46   46   E  H >X S+     0   0   44   -4,-3.1   4,-1.0   1,-0.2   3,-0.9   0.966 110.9  48.3 -56.7 -54.4   35.7   24.5   31.3
   47   47   T  H 3X S+     0   0   61   -4,-2.6   4,-1.9   1,-0.3  -1,-0.2   0.740 108.7  52.7 -53.8 -36.4   38.8   26.7   32.1
   48   48   H  H 3X S+     0   0    9   -4,-1.4   4,-1.7   2,-0.2  -1,-0.3   0.727 102.6  60.3 -74.4 -28.0   37.3   29.8   30.4
   49   49   D  H <X S+     0   0   31   -4,-1.4   4,-1.3  -3,-0.9  -2,-0.2   0.802 108.5  43.5 -67.3 -31.5   34.2   29.3   32.5
   50   50   N  H  X S+     0   0   61   -4,-1.0   4,-3.7   2,-0.2   5,-0.3   0.879 104.0  63.9 -79.2 -40.7   36.4   29.8   35.5
   51   51   C  H  X S+     0   0   28   -4,-1.9   4,-1.2   1,-0.3  -2,-0.2   0.874 113.0  36.0 -49.3 -41.5   38.2   32.7   33.9
   52   52   Y  H  X S+     0   0   10   -4,-1.7   4,-1.8   2,-0.2  -1,-0.3   0.801 112.8  60.1 -78.1 -34.2   34.8   34.5   34.0
   53   53   R  H  X S+     0   0  151   -4,-1.3   4,-0.5   1,-0.2   3,-0.3   0.965 109.3  43.5 -52.4 -56.5   34.0   32.9   37.4
   54   54   D  H >X S+     0   0   91   -4,-3.7   3,-1.4   1,-0.2   4,-0.8   0.855 106.1  61.4 -57.5 -44.3   37.0   34.5   38.8
   55   55   A  H >< S+     0   0    0   -4,-1.2   3,-0.9  -5,-0.3   6,-0.2   0.870  95.3  60.6 -54.9 -43.5   36.4   37.9   37.1
   56   56   K  H 3< S+     0   0   74   -4,-1.8  -1,-0.3  -3,-0.3  -2,-0.2   0.743 101.5  57.8 -57.5 -26.5   33.1   38.3   38.9
   57   57   N  H << S+     0   0  128   -3,-1.4   2,-0.3  -4,-0.5  -1,-0.3   0.782  73.2 103.2 -77.1 -31.3   35.1   38.2   42.1
   58   58   L    X<  -     0   0   46   -3,-0.9   3,-1.4  -4,-0.8  -3,-0.0  -0.409  63.9-154.0 -54.2 111.7   37.4   41.1   41.4
   59   59   D  T 3  S+     0   0  163   -2,-0.3  -1,-0.2   1,-0.3  -3,-0.1   0.470  92.0  65.8 -69.6  -0.9   35.7   43.7   43.6
   60   60   S  T 3  S+     0   0  109   30,-0.0   2,-0.3  31,-0.0  -1,-0.3   0.729  97.3  67.8 -86.5 -28.1   37.1   46.4   41.3
   61   61   C    <   +     0   0   11   -3,-1.4   2,-0.2  -6,-0.2  29,-0.0  -0.679  52.9 177.8 -96.5 146.1   34.8   45.0   38.5
   62   62   K        -     0   0  164   -2,-0.3   2,-0.2   2,-0.0  -6,-0.1  -0.746  20.0-159.6-147.2  89.7   31.0   45.0   38.4
   63   63   F    >   -     0   0    3   -2,-0.2   3,-0.8   1,-0.1   8,-0.1  -0.515  27.9 -92.5 -82.1 145.3   29.9   43.5   35.1
   64   64   L  G >  S-     0   0  118    1,-0.3   3,-2.3  -2,-0.2   6,-0.3  -0.301 102.1  -9.5 -62.7 138.4   26.4   44.1   33.6
   65   65   V  G 3  S-     0   0  106    1,-0.3  -1,-0.3   3,-0.1  -2,-0.1   0.240 116.5 -85.5  50.4  -2.5   23.6   41.7   34.5
   66   66   D  G <  S+     0   0   91   -3,-0.8  -1,-0.3   1,-0.1  -2,-0.2   0.635 102.5 114.2  80.1  27.1   26.4   39.8   35.9
   67   67   N    X   -     0   0   68   -3,-2.3   3,-2.9   1,-0.1  -1,-0.1  -0.934  54.6-153.9-123.5 101.7   27.5   37.9   32.7
   68   68   P  G >  S+     0   0    1    0, 0.0   3,-1.6   0, 0.0  -1,-0.1   0.585  88.6  83.9 -54.4  -3.3   30.9   39.0   31.6
   69   69   Y  G 3  S+     0   0   53    1,-0.3 -67,-0.9  -5,-0.1 -66,-0.2   0.714  82.5  65.4 -64.6 -18.8   29.8   38.0   28.1
   70   70   T  G <  S+     0   0   45   -3,-2.9   2,-0.6  -6,-0.3  -1,-0.3   0.150  78.4 106.4 -86.5  12.2   28.3   41.5   28.2
   71   71   E    <   -     0   0   40   -3,-1.6   2,-0.4  -8,-0.1  -8,-0.0  -0.918  54.1-158.3-107.9 120.6   31.7   43.2   28.3
   72   72   S        +     0   0   72   -2,-0.6  20,-0.1   1,-0.1  23,-0.1  -0.776  22.3 162.0 -90.7 137.1   33.0   45.0   25.2
   73   73   Y        -     0   0    3   -2,-0.4  -1,-0.1  15,-0.1  12,-0.1   0.320  37.5-119.6-143.8  16.2   36.8   45.4   25.3
   74   74   S        +     0   0   55    1,-0.1  11,-0.8  10,-0.1   2,-0.3   0.939  40.0 158.0  36.5 115.4   38.7   46.2   22.0
   75   75   Y  E     -C   84   0B  41    9,-0.2   2,-0.3  11,-0.1   9,-0.2  -0.812  28.0-136.9-142.9 175.2   41.4   43.8   20.7
   76   76   S  E     -C   83   0B  70    7,-0.8   7,-1.7  -2,-0.3   2,-0.4  -0.962   4.2-145.0-154.8 134.3   42.6   43.5   17.1
   77   77   C  E     +C   82   0B  51   -2,-0.3   2,-0.3   5,-0.2   5,-0.2  -0.873  27.2 161.2-100.6 128.4   43.3   40.3   15.1
   78   78   S        -     0   0   92    3,-1.7   3,-0.2  -2,-0.4  -2,-0.0  -0.855  66.3  -4.2-161.6 116.0   46.2   40.4   12.6
   79   79   N  S    S-     0   0  154   -2,-0.3   3,-0.1   1,-0.2 -68,-0.0   0.834 127.6 -57.4  71.4  39.3   48.1   37.5   11.0
   80   80   T  S    S+     0   0   74    1,-0.3   2,-0.3 -67,-0.0  -1,-0.2   0.625 111.8 129.1  70.1  16.1   46.2   34.9   13.0
   81   81   E        -     0   0  113   -3,-0.2  -3,-1.7   0, 0.0   2,-0.6  -0.758  52.0-148.3-102.8 145.4   47.5   36.7   16.1
   82   82   I  E     +C   77   0B   2   -2,-0.3   2,-0.2  -5,-0.2  -5,-0.2  -0.948  19.9 179.0-119.3 110.6   45.2   37.9   18.9
   83   83   T  E     -C   76   0B  77   -7,-1.7  -7,-0.8  -2,-0.6   2,-0.4  -0.660  19.0-144.0-102.5 161.0   46.5   41.1   20.6
   84   84   C  E     -C   75   0B  36   -2,-0.2  -9,-0.2  -9,-0.2 -10,-0.1  -0.934  21.5-125.1-135.1 108.6   44.7   42.8   23.5
   85   85   N        -     0   0   61  -11,-0.8  11,-0.1  -2,-0.4  -9,-0.0  -0.048   7.6-147.2 -48.8 153.0   44.8   46.6   23.6
   86   86   S  S    S+     0   0  109    1,-0.2  -1,-0.1 -11,-0.0   7,-0.1   0.376  92.0  78.6-105.8   0.5   46.1   48.2   26.8
   87   87   K  S    S+     0   0  162  -13,-0.1   2,-0.2   2,-0.1  -1,-0.2   0.512  77.3 108.6 -80.9  -6.4   43.9   51.2   26.5
   88   88   N  S    S-     0   0   15  -14,-0.2 -15,-0.1   1,-0.1 -14,-0.0  -0.527  77.3-121.3 -67.2 130.2   41.5   48.5   27.8
   89   89   N     >  -     0   0   73   -2,-0.2   4,-1.5   1,-0.1   5,-0.2  -0.209  31.6 -97.0 -71.7 170.6   40.5   49.1   31.5
   90   90   A  H  > S+     0   0   77    2,-0.2   4,-1.0   1,-0.2 -29,-0.1   0.771 119.5  49.2 -58.7 -37.4   41.3   46.4   34.1
   91   91   C  H  > S+     0   0   16    2,-0.2   4,-1.4   1,-0.2  -1,-0.2   0.898 117.2  40.6 -73.2 -41.9   37.9   44.6   34.1
   92   92   E  H  > S+     0   0   37    1,-0.2   4,-2.4   2,-0.2  -2,-0.2   0.672 111.3  58.8 -76.6 -17.8   37.7   44.4   30.3
   93   93   A  H  X S+     0   0   31   -4,-1.5   4,-1.5   2,-0.2  -1,-0.2   0.776 103.3  52.4 -77.8 -29.1   41.4   43.4   30.3
   94   94   F  H  X S+     0   0   62   -4,-1.0   4,-2.1   2,-0.2  -2,-0.2   0.901 113.3  43.8 -70.5 -42.9   40.6   40.4   32.5
   95   95   I  H  X S+     0   0    0   -4,-1.4   4,-3.3   2,-0.2   5,-0.3   0.930 103.8  64.3 -68.9 -46.7   37.9   39.3   30.1
   96   96   C  H  X S+     0   0    0   -4,-2.4   4,-2.1   1,-0.2  -2,-0.2   0.887 112.0  36.7 -40.3 -57.6   40.0   40.0   27.0
   97   97   N  H  X S+     0   0   66   -4,-1.5   4,-3.4   2,-0.3   5,-0.3   0.876 109.7  59.0 -64.7 -44.3   42.4   37.2   28.2
   98   98   C  H  X S+     0   0    2   -4,-2.1   4,-0.8   1,-0.2  -1,-0.2   0.925 118.2  37.5 -50.3 -42.7   39.7   34.9   29.6
   99   99   D  H  X S+     0   0    0   -4,-3.3   4,-1.8   2,-0.2  -2,-0.3   0.801 115.5  51.6 -76.0 -36.4   38.5   35.1   26.0
  100  100   R  H  X S+     0   0   73   -4,-2.1   4,-2.1  -5,-0.3  -2,-0.2   0.791 105.4  55.6 -73.9 -32.6   41.9   35.1   24.3
  101  101   N  H  X S+     0   0   85   -4,-3.4   4,-2.2   2,-0.2  -1,-0.2   0.783 107.9  48.9 -70.7 -32.8   43.2   32.0   26.2
  102  102   A  H  X S+     0   0    3   -4,-0.8   4,-3.8  -5,-0.3   5,-0.3   0.974 109.9  50.6 -70.0 -60.2   40.2   29.9   25.0
  103  103   A  H  X S+     0   0    0   -4,-1.8   4,-1.8   2,-0.2  -2,-0.2   0.852 116.5  42.7 -42.0 -46.9   40.7   31.1   21.4
  104  104   I  H  X S+     0   0   49   -4,-2.1   4,-1.1   1,-0.2   3,-0.5   1.000 116.7  46.3 -58.0 -73.4   44.4   30.1   21.6
  105  105   C  H  < S+     0   0   48   -4,-2.2   3,-0.3   1,-0.3  -2,-0.2   0.738 110.7  53.9 -35.2 -43.1   43.7   26.8   23.5
  106  106   F  H >< S+     0   0    7   -4,-3.8   3,-3.0   1,-0.2  -1,-0.3   0.970 100.9  56.9 -64.5 -55.9   41.0   25.8   21.1
  107  107   S  H 3< S+     0   0   58   -4,-1.8  -1,-0.2  -3,-0.5  -2,-0.2   0.724 110.1  49.6 -49.5 -25.7   43.1   26.2   17.9
  108  108   K  T 3< S+     0   0  156   -4,-1.1  -1,-0.3  -3,-0.3  -2,-0.2   0.179  96.4  86.6-101.3  16.5   45.5   23.6   19.6
  109  109   A  S <  S-     0   0   14   -3,-3.0 -70,-0.0 -68,-0.1  -1,-0.0  -0.971  80.8-102.0-130.7 132.6   43.0   20.9   20.7
  110  110   P        -     0   0   79    0, 0.0   2,-1.0   0, 0.0 -69,-0.5  -0.127  28.9-144.9 -46.0 123.2   41.5   17.9   19.0
  111  111   Y        -     0   0   68  -71,-0.1   2,-0.6 -70,-0.1   5,-0.0  -0.764  14.4-173.0 -92.5  91.4   37.9   18.4   17.8
  112  112   N    >   -     0   0   45   -2,-1.0   3,-0.8   1,-0.2 -71,-0.0  -0.780  11.5-159.1 -81.2 122.5   36.0   15.1   18.1
  113  113   K  G >  S+     0   0  114   -2,-0.6   3,-1.2   1,-0.3  -1,-0.2   0.552  84.8  79.5 -78.8  -6.7   32.6   15.8   16.4
  114  114   E  G 3  S+     0   0  134    1,-0.3  -1,-0.3  -3,-0.0  -2,-0.1   0.202  92.3  50.4 -81.7  14.5   31.2   12.9   18.5
  115  115   H  G <  S+     0   0   39   -3,-0.8 -89,-3.4   3,-0.1   2,-0.6   0.314  81.2 106.8-130.6  -1.2   31.0   15.4   21.4
  116  116   K  B <  S+B   25   0A  72   -3,-1.2 -91,-0.3   1,-0.3 -92,-0.1  -0.754  94.4  11.4 -85.2 122.6   29.2   18.2   19.6
  117  117   N  S    S-     0   0  110  -93,-1.6   2,-0.3  -2,-0.6  -1,-0.3   0.973  91.7-179.1  64.0  81.6   25.7   18.1   20.9
  118  118   L        -     0   0   33   -3,-0.3   2,-2.3 -92,-0.3   3,-0.1  -0.768  43.8 -97.3-107.3 152.3   26.4   15.7   23.8
  119  119   D    >>  -     0   0   97   -2,-0.3   4,-2.7   1,-0.2   3,-0.7  -0.515  49.2-168.6 -78.3  76.0   23.7   14.6   26.2
  120  120   T  T 34 S+     0   0   74   -2,-2.3   2,-3.2   1,-0.3   3,-0.4   0.815  77.0  37.1 -27.5 -91.7   24.7   17.3   28.8
  121  121   K  T 34 S+     0   0  146    1,-0.2  -1,-0.3  -3,-0.1  -2,-0.0  -0.292 124.9  45.2 -69.6  61.7   22.7   16.3   31.9
  122  122   K  T <4        0   0  149   -2,-3.2  -2,-0.2  -3,-0.7  -1,-0.2   0.149 360.0 360.0-160.1 -58.1   23.3   12.6   31.1
  123  123   Y     <        0   0  183   -4,-2.7 -85,-0.1  -3,-0.4  -2,-0.1  -0.788 360.0 360.0-115.7 360.0   27.0   12.1   30.1
